[debug] [2023-01-31T05:04:17.318Z] ----------------------------------------------------------------------
[debug] [2023-01-31T05:04:17.321Z] Command:       /usr/local/bin/firebase /Users/3salaz/.cache/firebase/tools/lib/node_modules/firebase-tools/lib/bin/firebase serve
[debug] [2023-01-31T05:04:17.321Z] CLI Version:   11.15.0
[debug] [2023-01-31T05:04:17.321Z] Platform:      darwin
[debug] [2023-01-31T05:04:17.321Z] Node Version:  v16.16.0
[debug] [2023-01-31T05:04:17.322Z] Time:          Mon Jan 30 2023 21:04:17 GMT-0800 (Pacific Standard Time)
[debug] [2023-01-31T05:04:17.323Z] ----------------------------------------------------------------------
[debug] 
[debug] [2023-01-31T05:04:17.417Z] > command requires scopes: ["email","openid","https://www.googleapis.com/auth/cloudplatformprojects.readonly","https://www.googleapis.com/auth/firebase","https://www.googleapis.com/auth/cloud-platform"]
[debug] [2023-01-31T05:04:17.417Z] > authorizing via signed-in user (3salaz.dev@gmail.com)
[debug] [2023-01-31T05:04:17.417Z] [iam] checking project hotshotpartyrentals-70927 for permissions ["firebase.projects.get"]
[debug] [2023-01-31T05:04:17.418Z] > refreshing access token with scopes: []
[debug] [2023-01-31T05:04:17.420Z] >>> [apiv2][query] POST https://www.googleapis.com/oauth2/v3/token [none]
[debug] [2023-01-31T05:04:17.421Z] >>> [apiv2][body] POST https://www.googleapis.com/oauth2/v3/token [omitted]
[debug] [2023-01-31T05:04:17.594Z] <<< [apiv2][status] POST https://www.googleapis.com/oauth2/v3/token 200
[debug] [2023-01-31T05:04:17.594Z] <<< [apiv2][body] POST https://www.googleapis.com/oauth2/v3/token [omitted]
[debug] [2023-01-31T05:04:17.646Z] >>> [apiv2][query] POST https://cloudresourcemanager.googleapis.com/v1/projects/hotshotpartyrentals-70927:testIamPermissions [none]
[debug] [2023-01-31T05:04:17.646Z] >>> [apiv2][(partial)header] POST https://cloudresourcemanager.googleapis.com/v1/projects/hotshotpartyrentals-70927:testIamPermissions x-goog-quota-user=projects/hotshotpartyrentals-70927
[debug] [2023-01-31T05:04:17.647Z] >>> [apiv2][body] POST https://cloudresourcemanager.googleapis.com/v1/projects/hotshotpartyrentals-70927:testIamPermissions {"permissions":["firebase.projects.get"]}
[debug] [2023-01-31T05:04:17.841Z] <<< [apiv2][status] POST https://cloudresourcemanager.googleapis.com/v1/projects/hotshotpartyrentals-70927:testIamPermissions 200
[debug] [2023-01-31T05:04:17.842Z] <<< [apiv2][body] POST https://cloudresourcemanager.googleapis.com/v1/projects/hotshotpartyrentals-70927:testIamPermissions {"permissions":["firebase.projects.get"]}
[debug] [2023-01-31T05:04:17.843Z] >>> [apiv2][query] GET https://firebase.googleapis.com/v1beta1/projects/hotshotpartyrentals-70927 [none]
[debug] [2023-01-31T05:04:18.152Z] <<< [apiv2][status] GET https://firebase.googleapis.com/v1beta1/projects/hotshotpartyrentals-70927 200
[debug] [2023-01-31T05:04:18.152Z] <<< [apiv2][body] GET https://firebase.googleapis.com/v1beta1/projects/hotshotpartyrentals-70927 {"projectId":"hotshotpartyrentals-70927","projectNumber":"955486539318","displayName":"Hotshotpartyrentals","name":"projects/hotshotpartyrentals-70927","resources":{"hostingSite":"hotshotpartyrentals-70927","storageBucket":"hotshotpartyrentals-70927.appspot.com","locationId":"us-west2"},"state":"ACTIVE","etag":"1_2e67e1d7-a8fe-4bdb-956d-73712e2ae34e"}
[info] 
[info] === Serving from '/Users/3salaz/Documents/Clients/hotshotpartyrentals'...
[info] 
[debug] [2023-01-31T05:04:18.156Z] >>> [apiv2][query] GET https://firebasehosting.googleapis.com/v1beta1/projects/hotshotpartyrentals-70927/sites 
[debug] [2023-01-31T05:04:18.801Z] <<< [apiv2][status] GET https://firebasehosting.googleapis.com/v1beta1/projects/hotshotpartyrentals-70927/sites 200
[debug] [2023-01-31T05:04:18.802Z] <<< [apiv2][body] GET https://firebasehosting.googleapis.com/v1beta1/projects/hotshotpartyrentals-70927/sites {"sites":[{"name":"projects/hotshotpartyrentals-70927/sites/hotshotpartyrentals-70927","defaultUrl":"https://hotshotpartyrentals-70927.web.app","appId":"1:955486539318:web:4f9598d7e6f70693949297","type":"DEFAULT_SITE"}]}
[debug] [2023-01-31T05:04:18.802Z] >>> [apiv2][query] GET https://firebase.googleapis.com/v1beta1/projects/hotshotpartyrentals-70927/webApps/1:955486539318:web:4f9598d7e6f70693949297/config [none]
[debug] [2023-01-31T05:04:19.416Z] <<< [apiv2][status] GET https://firebase.googleapis.com/v1beta1/projects/hotshotpartyrentals-70927/webApps/1:955486539318:web:4f9598d7e6f70693949297/config 200
[debug] [2023-01-31T05:04:19.416Z] <<< [apiv2][body] GET https://firebase.googleapis.com/v1beta1/projects/hotshotpartyrentals-70927/webApps/1:955486539318:web:4f9598d7e6f70693949297/config {"projectId":"hotshotpartyrentals-70927","appId":"1:955486539318:web:4f9598d7e6f70693949297","storageBucket":"hotshotpartyrentals-70927.appspot.com","locationId":"us-west2","apiKey":"AIzaSyDlOp9oe4Oc98ASZSy-LAMdNaRxhntuECw","authDomain":"hotshotpartyrentals-70927.firebaseapp.com","messagingSenderId":"955486539318","measurementId":"G-87L7SK09XR"}
[debug] [2023-01-31T05:04:19.444Z] >>> [apiv2][query] GET https://firebase.googleapis.com/v1beta1/projects/hotshotpartyrentals-70927 [none]
[debug] [2023-01-31T05:04:19.813Z] <<< [apiv2][status] GET https://firebase.googleapis.com/v1beta1/projects/hotshotpartyrentals-70927 200
[debug] [2023-01-31T05:04:19.813Z] <<< [apiv2][body] GET https://firebase.googleapis.com/v1beta1/projects/hotshotpartyrentals-70927 {"projectId":"hotshotpartyrentals-70927","projectNumber":"955486539318","displayName":"Hotshotpartyrentals","name":"projects/hotshotpartyrentals-70927","resources":{"hostingSite":"hotshotpartyrentals-70927","storageBucket":"hotshotpartyrentals-70927.appspot.com","locationId":"us-west2"},"state":"ACTIVE","etag":"1_2e67e1d7-a8fe-4bdb-956d-73712e2ae34e"}
[info] i  hosting[hotshotpartyrentals-70927]: Serving hosting files from: dist {"metadata":{"emulator":{"name":"hosting"},"message":"Serving hosting files from: \u001b[1mdist\u001b[22m"}}
[info] ✔  hosting[hotshotpartyrentals-70927]: Local server: http://localhost:5002 {"metadata":{"emulator":{"name":"hosting"},"message":"Local server: \u001b[4m\u001b[1mhttp://localhost:5002\u001b[22m\u001b[24m"}}
